<?xml version="1.0" encoding="UTF-8"?>
<testng-results ignored="0" total="2" passed="2" failed="0" skipped="0">
  <reporter-output>
  </reporter-output>
  <suite started-at="2025-06-20T10:04:49 IST" name="Demo Web App test suite" finished-at="2025-06-20T10:05:17 IST" duration-ms="27721">
    <groups>
    </groups>
    <test started-at="2025-06-20T10:04:49 IST" name="LoginTests" finished-at="2025-06-20T10:05:17 IST" duration-ms="27721">
      <class name="tests.TestCase">
        <test-method is-config="true" signature="openBrowser()[pri:0, instance:tests.TestCase@38548b19]" started-at="2025-06-20T10:04:50 IST" name="openBrowser" finished-at="2025-06-20T10:05:01 IST" duration-ms="11330" status="PASS">
          <reporter-output>
          </reporter-output>
        </test-method> <!-- openBrowser -->
        <test-method is-config="true" signature="openBrowser()[pri:0, instance:tests.TestCase@38548b19]" started-at="2025-06-20T10:04:50 IST" name="openBrowser" finished-at="2025-06-20T10:05:02 IST" duration-ms="12370" status="PASS">
          <reporter-output>
          </reporter-output>
        </test-method> <!-- openBrowser -->
        <test-method signature="TaskCreationTest(java.lang.Object)[pri:0, instance:tests.TestCase@38548b19]" started-at="2025-06-20T10:05:01 IST" name="TaskCreationTest" data-provider="taskCreationData" finished-at="2025-06-20T10:05:16 IST" duration-ms="15383" status="PASS">
          <params>
            <param index="0">
              <value>
                <![CDATA[{UserName=admin@admin.com, TaskPriority=Urgent, Sr No=2, Label=Bug, AttachmentFilePath=C:\Users\yash\eclipse-workspace\Qdpm docs to upload n all\Qdpn doc to upload.docx, ProjectToCreateTaskUnder=Maintenance work - Client CTX - Tremox XT5, TaskStatus=Re-opened, EndDate=2020-09-30, Test Case Name=Create Defect wtith Reopen Status, StartDate=2020-09-28, TaskName=dev2, TaskType=Defects (Hourly rate $0.00), Test Case Description=, Password=admin8090, CurrentProgress=0.95}]]>
              </value>
            </param>
          </params>
          <reporter-output>
          </reporter-output>
        </test-method> <!-- TaskCreationTest -->
        <test-method signature="TaskCreationTest(java.lang.Object)[pri:0, instance:tests.TestCase@38548b19]" started-at="2025-06-20T10:05:02 IST" name="TaskCreationTest" data-provider="taskCreationData" finished-at="2025-06-20T10:05:16 IST" duration-ms="14571" status="PASS">
          <params>
            <param index="0">
              <value>
                <![CDATA[{UserName=admin@admin.com, TaskPriority=Medum, Sr No=1, Label=Task, AttachmentFilePath=C:\Users\yash\eclipse-workspace\Qdpm docs to upload n all\Qdpn doc to upload.docx, ProjectToCreateTaskUnder=New Development - Internal WebSite, TaskStatus=Open, EndDate=2020-09-29, Test Case Name=CreateTask with Open Status, StartDate=2020-09-28, TaskName=dev1, TaskType=Change Priority Rate (Hourly rate $25.00), Test Case Description=, Password=admin8090, CurrentProgress=0.05}]]>
              </value>
            </param>
          </params>
          <reporter-output>
          </reporter-output>
        </test-method> <!-- TaskCreationTest -->
        <test-method is-config="true" signature="closeBrowser()[pri:0, instance:tests.TestCase@38548b19]" started-at="2025-06-20T10:05:16 IST" name="closeBrowser" finished-at="2025-06-20T10:05:17 IST" duration-ms="508" status="PASS">
          <reporter-output>
          </reporter-output>
        </test-method> <!-- closeBrowser -->
        <test-method is-config="true" signature="closeBrowser()[pri:0, instance:tests.TestCase@38548b19]" started-at="2025-06-20T10:05:16 IST" name="closeBrowser" finished-at="2025-06-20T10:05:17 IST" duration-ms="378" status="PASS">
          <reporter-output>
          </reporter-output>
        </test-method> <!-- closeBrowser -->
      </class> <!-- tests.TestCase -->
    </test> <!-- LoginTests -->
  </suite> <!-- Demo Web App test suite -->
</testng-results>
