<?xml version="1.0" encoding="UTF-8"?>
<!-- Generated by org.testng.reporters.JUnitXMLReporter -->
<testsuite ignored="0" hostname="Yashs-rog-strix-LAPTOP-9TKB3RCP" failures="0" tests="3" name="Parallel Test" time="26.924" errors="0" timestamp="2025-06-03T19:10:06 IST">
  <testcase classname="tests.DummyTestCase" name="tc1" time="6.563"/>
  <testcase classname="tests.DummyTestCase" name="tc2" time="12.186"/>
  <testcase classname="tests.DummyTestCase" name="tc3" time="11.559"/>
</testsuite> <!-- Parallel Test -->
